{"uuid":"cfc3101e-e5a2-44ec-bee9-cec718ecd3a8","historyId":"efc17d55e36f8b6a8aafa87047676d54","fullName":"CheckLanguagesTest.checkLanguagesTest","labels":[{"name":"package","value":"CheckLanguagesTest"},{"name":"testClass","value":"CheckLanguagesTest"},{"name":"testMethod","value":"checkLanguagesTest"},{"name":"parentSuite","value":"Suite1"},{"name":"suite","value":"Check languages"},{"name":"subSuite","value":"CheckLanguagesTest"},{"name":"host","value":"LAPTOP-3I8V5JJF"},{"name":"thread","value":"12960@LAPTOP-3I8V5JJF.main(1)"},{"name":"framework","value":"testng"},{"name":"language","value":"java"}],"links":[],"name":"checkLanguagesTest","status":"failed","statusDetails":{"known":false,"muted":false,"flaky":false,"message":"\r\nThe following 2 assertions failed:\r\n1) [We are waiting that 44 languages exists in 'Language' dropdown] expected:<[\"44\"]> but was:<[46]>\r\n2) [We are waiting that: РЈРєСЂР°С—РЅСЃСЊРєР° language is exist in dropdown] \r\nExpecting ArrayList:\r\n  [\"Bosanski\",\r\n    \"Català\",\r\n    \"Dansk\",\r\n    \"Deutsch\",\r\n    \"Eesti keel\",\r\n    \"English\",\r\n    \"Español\",\r\n    \"Español MX\",\r\n    \"Français\",\r\n    \"Français CA\",\r\n    \"Galego\",\r\n    \"Hrvatski\",\r\n    \"Indonesia\",\r\n    \"Italiano\",\r\n    \"Latvija\",\r\n    \"Magyar\",\r\n    \"Nederlands\",\r\n    \"Norsk\",\r\n    \"Polski\",\r\n    \"Português\",\r\n    \"Português\",\r\n    \"Română\",\r\n    \"Shqip\",\r\n    \"Slovenčina\",\r\n    \"Srpski\",\r\n    \"Suomi\",\r\n    \"Svenska\",\r\n    \"Türkçe\",\r\n    \"lietuvių kalba\",\r\n    \"slovenski jezik\",\r\n    \"tiếng Việt\",\r\n    \"Čeština\",\r\n    \"ελληνικά\",\r\n    \"Русский\",\r\n    \"Українська\",\r\n    \"български език\",\r\n    \"македонски јазик\",\r\n    \"עברית\",\r\n    \"پارسی\",\r\n    \"हिन्दी\",\r\n    \"বাংলা\",\r\n    \"‫العربية\",\r\n    \"日本語\",\r\n    \"简体字\",\r\n    \"繁體中文\",\r\n    \"한국어\"]\r\nto contain:\r\n  [\"РЈРєСЂР°С—РЅСЃСЊРєР°\"]\r\nbut could not find the following element(s):\r\n  [\"РЈРєСЂР°С—РЅСЃСЊРєР°\"]\r\n\r\nat CheckLanguagesTest.checkLanguagesTest(CheckLanguagesTest.java:28)\r\n","trace":"org.assertj.core.api.SoftAssertionError: \r\nThe following 2 assertions failed:\r\n1) [We are waiting that 44 languages exists in 'Language' dropdown] expected:<[\"44\"]> but was:<[46]>\r\n2) [We are waiting that: РЈРєСЂР°С—РЅСЃСЊРєР° language is exist in dropdown] \r\nExpecting ArrayList:\r\n  [\"Bosanski\",\r\n    \"Català\",\r\n    \"Dansk\",\r\n    \"Deutsch\",\r\n    \"Eesti keel\",\r\n    \"English\",\r\n    \"Español\",\r\n    \"Español MX\",\r\n    \"Français\",\r\n    \"Français CA\",\r\n    \"Galego\",\r\n    \"Hrvatski\",\r\n    \"Indonesia\",\r\n    \"Italiano\",\r\n    \"Latvija\",\r\n    \"Magyar\",\r\n    \"Nederlands\",\r\n    \"Norsk\",\r\n    \"Polski\",\r\n    \"Português\",\r\n    \"Português\",\r\n    \"Română\",\r\n    \"Shqip\",\r\n    \"Slovenčina\",\r\n    \"Srpski\",\r\n    \"Suomi\",\r\n    \"Svenska\",\r\n    \"Türkçe\",\r\n    \"lietuvių kalba\",\r\n    \"slovenski jezik\",\r\n    \"tiếng Việt\",\r\n    \"Čeština\",\r\n    \"ελληνικά\",\r\n    \"Русский\",\r\n    \"Українська\",\r\n    \"български език\",\r\n    \"македонски јазик\",\r\n    \"עברית\",\r\n    \"پارسی\",\r\n    \"हिन्दी\",\r\n    \"বাংলা\",\r\n    \"‫العربية\",\r\n    \"日本語\",\r\n    \"简体字\",\r\n    \"繁體中文\",\r\n    \"한국어\"]\r\nto contain:\r\n  [\"РЈРєСЂР°С—РЅСЃСЊРєР°\"]\r\nbut could not find the following element(s):\r\n  [\"РЈРєСЂР°С—РЅСЃСЊРєР°\"]\r\n\r\nat CheckLanguagesTest.checkLanguagesTest(CheckLanguagesTest.java:28)\r\n\r\n\tat org.assertj.core.error.AssertionErrorCreator.multipleSoftAssertionsError(AssertionErrorCreator.java:100)\r\n\tat org.assertj.core.api.AbstractSoftAssertions.assertAll(AbstractSoftAssertions.java:37)\r\n\tat org.assertj.core.api.AbstractSoftAssertions.assertAll(AbstractSoftAssertions.java:42)\r\n\tat CheckLanguagesTest.checkLanguagesTest(CheckLanguagesTest.java:30)\r\n\tat sun.reflect.NativeMethodAccessorImpl.invoke0(Native Method)\r\n\tat sun.reflect.NativeMethodAccessorImpl.invoke(NativeMethodAccessorImpl.java:62)\r\n\tat sun.reflect.DelegatingMethodAccessorImpl.invoke(DelegatingMethodAccessorImpl.java:43)\r\n\tat java.lang.reflect.Method.invoke(Method.java:498)\r\n\tat org.testng.internal.invokers.MethodInvocationHelper.invokeMethod(MethodInvocationHelper.java:135)\r\n\tat org.testng.internal.invokers.TestInvoker.invokeMethod(TestInvoker.java:673)\r\n\tat org.testng.internal.invokers.TestInvoker.invokeTestMethod(TestInvoker.java:220)\r\n\tat org.testng.internal.invokers.MethodRunner.runInSequence(MethodRunner.java:50)\r\n\tat org.testng.internal.invokers.TestInvoker$MethodInvocationAgent.invoke(TestInvoker.java:945)\r\n\tat org.testng.internal.invokers.TestInvoker.invokeTestMethods(TestInvoker.java:193)\r\n\tat org.testng.internal.invokers.TestMethodWorker.invokeTestMethods(TestMethodWorker.java:146)\r\n\tat org.testng.internal.invokers.TestMethodWorker.run(TestMethodWorker.java:128)\r\n\tat java.util.ArrayList.forEach(ArrayList.java:1257)\r\n\tat org.testng.TestRunner.privateRun(TestRunner.java:808)\r\n\tat org.testng.TestRunner.run(TestRunner.java:603)\r\n\tat org.testng.SuiteRunner.runTest(SuiteRunner.java:429)\r\n\tat org.testng.SuiteRunner.runSequentially(SuiteRunner.java:423)\r\n\tat org.testng.SuiteRunner.privateRun(SuiteRunner.java:383)\r\n\tat org.testng.SuiteRunner.run(SuiteRunner.java:326)\r\n\tat org.testng.SuiteRunnerWorker.runSuite(SuiteRunnerWorker.java:52)\r\n\tat org.testng.SuiteRunnerWorker.run(SuiteRunnerWorker.java:95)\r\n\tat org.testng.TestNG.runSuitesSequentially(TestNG.java:1249)\r\n\tat org.testng.TestNG.runSuitesLocally(TestNG.java:1169)\r\n\tat org.testng.TestNG.runSuites(TestNG.java:1092)\r\n\tat org.testng.TestNG.run(TestNG.java:1060)\r\n\tat org.apache.maven.surefire.testng.TestNGExecutor.run(TestNGExecutor.java:324)\r\n\tat org.apache.maven.surefire.testng.TestNGXmlTestSuite.execute(TestNGXmlTestSuite.java:74)\r\n\tat org.apache.maven.surefire.testng.TestNGProvider.invoke(TestNGProvider.java:123)\r\n\tat org.apache.maven.surefire.booter.ForkedBooter.runSuitesInProcess(ForkedBooter.java:456)\r\n\tat org.apache.maven.surefire.booter.ForkedBooter.execute(ForkedBooter.java:169)\r\n\tat org.apache.maven.surefire.booter.ForkedBooter.run(ForkedBooter.java:595)\r\n\tat org.apache.maven.surefire.booter.ForkedBooter.main(ForkedBooter.java:581)\r\n"},"stage":"finished","steps":[],"attachments":[],"parameters":[],"start":1652738228694,"stop":1652738242470}