{"uuid":"e2414560-0827-4adb-b041-f4d0ad19cccc","historyId":"dd27594fe28946866af46144513c3315","fullName":"CheckSorting.checkThatSortingIsCorrectTest","labels":[{"name":"package","value":"CheckSorting"},{"name":"testClass","value":"CheckSorting"},{"name":"testMethod","value":"checkThatSortingIsCorrectTest"},{"name":"parentSuite","value":"Suite1"},{"name":"suite","value":"Sorting check"},{"name":"subSuite","value":"CheckSorting"},{"name":"host","value":"LAPTOP-3I8V5JJF"},{"name":"thread","value":"12960@LAPTOP-3I8V5JJF.main(1)"},{"name":"framework","value":"testng"},{"name":"language","value":"java"}],"links":[],"name":"checkThatSortingIsCorrectTest","status":"failed","statusDetails":{"known":false,"muted":false,"flaky":false,"message":"\r\nThe following assertion failed:\r\n1) expected:<...blocks.ProductBlock@[70dd79f7,\r\n    blocks.ProductBlock@4ee19768,\r\n    blocks.ProductBlock@8113ea7,\r\n    blocks.ProductBlock@1c879f07,\r\n    blocks.ProductBlock@5923210],\r\n    blocks.Produc...> but was:<...blocks.ProductBlock@[5923210,\r\n    blocks.ProductBlock@70dd79f7,\r\n    blocks.ProductBlock@4ee19768,\r\n    blocks.ProductBlock@8113ea7,\r\n    blocks.ProductBlock@1c879f07],\r\n    blocks.Produc...>\r\n","trace":"org.assertj.core.api.SoftAssertionError: \r\nThe following assertion failed:\r\n1) expected:<...blocks.ProductBlock@[70dd79f7,\r\n    blocks.ProductBlock@4ee19768,\r\n    blocks.ProductBlock@8113ea7,\r\n    blocks.ProductBlock@1c879f07,\r\n    blocks.ProductBlock@5923210],\r\n    blocks.Produc...> but was:<...blocks.ProductBlock@[5923210,\r\n    blocks.ProductBlock@70dd79f7,\r\n    blocks.ProductBlock@4ee19768,\r\n    blocks.ProductBlock@8113ea7,\r\n    blocks.ProductBlock@1c879f07],\r\n    blocks.Produc...>\r\n\r\n\tat org.assertj.core.error.AssertionErrorCreator.multipleSoftAssertionsError(AssertionErrorCreator.java:100)\r\n\tat org.assertj.core.api.AbstractSoftAssertions.assertAll(AbstractSoftAssertions.java:37)\r\n\tat org.assertj.core.api.AbstractSoftAssertions.assertAll(AbstractSoftAssertions.java:42)\r\n\tat CheckSorting.checkThatSortingIsCorrectTest(CheckSorting.java:66)\r\n\tat sun.reflect.NativeMethodAccessorImpl.invoke0(Native Method)\r\n\tat sun.reflect.NativeMethodAccessorImpl.invoke(NativeMethodAccessorImpl.java:62)\r\n\tat sun.reflect.DelegatingMethodAccessorImpl.invoke(DelegatingMethodAccessorImpl.java:43)\r\n\tat java.lang.reflect.Method.invoke(Method.java:498)\r\n\tat org.testng.internal.invokers.MethodInvocationHelper.invokeMethod(MethodInvocationHelper.java:135)\r\n\tat org.testng.internal.invokers.TestInvoker.invokeMethod(TestInvoker.java:673)\r\n\tat org.testng.internal.invokers.TestInvoker.invokeTestMethod(TestInvoker.java:220)\r\n\tat org.testng.internal.invokers.MethodRunner.runInSequence(MethodRunner.java:50)\r\n\tat org.testng.internal.invokers.TestInvoker$MethodInvocationAgent.invoke(TestInvoker.java:945)\r\n\tat org.testng.internal.invokers.TestInvoker.invokeTestMethods(TestInvoker.java:193)\r\n\tat org.testng.internal.invokers.TestMethodWorker.invokeTestMethods(TestMethodWorker.java:146)\r\n\tat org.testng.internal.invokers.TestMethodWorker.run(TestMethodWorker.java:128)\r\n\tat java.util.ArrayList.forEach(ArrayList.java:1257)\r\n\tat org.testng.TestRunner.privateRun(TestRunner.java:808)\r\n\tat org.testng.TestRunner.run(TestRunner.java:603)\r\n\tat org.testng.SuiteRunner.runTest(SuiteRunner.java:429)\r\n\tat org.testng.SuiteRunner.runSequentially(SuiteRunner.java:423)\r\n\tat org.testng.SuiteRunner.privateRun(SuiteRunner.java:383)\r\n\tat org.testng.SuiteRunner.run(SuiteRunner.java:326)\r\n\tat org.testng.SuiteRunnerWorker.runSuite(SuiteRunnerWorker.java:52)\r\n\tat org.testng.SuiteRunnerWorker.run(SuiteRunnerWorker.java:95)\r\n\tat org.testng.TestNG.runSuitesSequentially(TestNG.java:1249)\r\n\tat org.testng.TestNG.runSuitesLocally(TestNG.java:1169)\r\n\tat org.testng.TestNG.runSuites(TestNG.java:1092)\r\n\tat org.testng.TestNG.run(TestNG.java:1060)\r\n\tat org.apache.maven.surefire.testng.TestNGExecutor.run(TestNGExecutor.java:324)\r\n\tat org.apache.maven.surefire.testng.TestNGXmlTestSuite.execute(TestNGXmlTestSuite.java:74)\r\n\tat org.apache.maven.surefire.testng.TestNGProvider.invoke(TestNGProvider.java:123)\r\n\tat org.apache.maven.surefire.booter.ForkedBooter.runSuitesInProcess(ForkedBooter.java:456)\r\n\tat org.apache.maven.surefire.booter.ForkedBooter.execute(ForkedBooter.java:169)\r\n\tat org.apache.maven.surefire.booter.ForkedBooter.run(ForkedBooter.java:595)\r\n\tat org.apache.maven.surefire.booter.ForkedBooter.main(ForkedBooter.java:581)\r\n"},"stage":"finished","steps":[],"attachments":[],"parameters":[],"start":1652738316117,"stop":1652738336052}